{"level":"info","message":"Server listen on port 3000","timestamp":"2022-03-21T16:57:40.004Z"}
{"level":"info","message":"A connection to MongoDB has been established.","timestamp":"2022-03-21T16:57:41.618Z"}
{"level":"info","message":"Server listen on port 3000","timestamp":"2022-03-21T17:25:58.629Z"}
{"level":"info","message":"A connection to MongoDB has been established.","timestamp":"2022-03-21T17:26:00.473Z"}
{"level":"info","message":"Server listen on port 3000","timestamp":"2022-03-21T17:28:54.413Z"}
{"level":"info","message":"A connection to MongoDB has been established.","timestamp":"2022-03-21T17:28:56.164Z"}
{"level":"info","message":"Server listen on port 3000","timestamp":"2022-03-21T17:29:29.094Z"}
{"level":"info","message":"A connection to MongoDB has been established.","timestamp":"2022-03-21T17:29:30.695Z"}
{"level":"info","message":"Server listen on port 3000","timestamp":"2022-03-21T21:13:55.130Z"}
{"level":"info","message":"A connection to MongoDB has been established.","timestamp":"2022-03-21T21:13:56.782Z"}
{"level":"info","message":"Server listen on port 3000","timestamp":"2022-03-21T21:16:23.871Z"}
{"level":"info","message":"A connection to MongoDB has been established.","timestamp":"2022-03-21T21:16:25.440Z"}
{"level":"info","message":"Server listen on port 3000","timestamp":"2022-03-21T21:16:27.429Z"}
{"level":"info","message":"A connection to MongoDB has been established.","timestamp":"2022-03-21T21:16:28.948Z"}
{"level":"info","message":"Server listen on port 3000","timestamp":"2022-03-21T21:18:19.439Z"}
{"level":"info","message":"A connection to MongoDB has been established.","timestamp":"2022-03-21T21:18:21.046Z"}
{"level":"info","message":"Server listen on port 3000","timestamp":"2022-03-21T21:19:18.930Z"}
{"level":"info","message":"A connection to MongoDB has been established.","timestamp":"2022-03-21T21:19:20.444Z"}
{"level":"info","message":"Server listen on port 3000","timestamp":"2022-03-21T21:21:43.882Z"}
{"level":"info","message":"A connection to MongoDB has been established.","timestamp":"2022-03-21T21:21:45.459Z"}
{"level":"info","message":"Server listen on port 3000","timestamp":"2022-03-21T21:22:44.867Z"}
{"level":"info","message":"A connection to MongoDB has been established.","timestamp":"2022-03-21T21:22:46.415Z"}
{"level":"info","message":"Server listen on port 3000","timestamp":"2022-03-21T21:23:14.778Z"}
{"level":"info","message":"A connection to MongoDB has been established.","timestamp":"2022-03-21T21:23:16.313Z"}
{"level":"info","message":"Server listen on port 3000","timestamp":"2022-03-21T21:26:17.489Z"}
{"level":"info","message":"A connection to MongoDB has been established.","timestamp":"2022-03-21T21:26:19.053Z"}
{"level":"info","message":"Server listen on port 3000","timestamp":"2022-03-21T21:26:28.185Z"}
{"level":"info","message":"Server listen on port 3000","timestamp":"2022-03-21T21:26:31.140Z"}
{"level":"info","message":"A connection to MongoDB has been established.","timestamp":"2022-03-21T21:26:32.656Z"}
{"level":"info","message":"Server listen on port 3000","timestamp":"2022-03-21T21:27:02.287Z"}
{"level":"info","message":"A connection to MongoDB has been established.","timestamp":"2022-03-21T21:27:03.797Z"}
{"level":"info","message":"Server listen on port 3000","timestamp":"2022-03-21T21:33:58.779Z"}
{"level":"info","message":"A connection to MongoDB has been established.","timestamp":"2022-03-21T21:34:00.346Z"}
{"level":"info","message":"Server listen on port 3000","timestamp":"2022-03-21T21:39:05.394Z"}
{"level":"info","message":"A connection to MongoDB has been established.","timestamp":"2022-03-21T21:39:06.938Z"}
{"level":"info","message":"Server listen on port 3000","timestamp":"2022-03-21T21:43:46.730Z"}
{"level":"info","message":"A connection to MongoDB has been established.","timestamp":"2022-03-21T21:43:48.310Z"}
{"level":"info","message":"Server listen on port 3000","timestamp":"2022-03-21T21:45:25.507Z"}
{"level":"info","message":"A connection to MongoDB has been established.","timestamp":"2022-03-21T21:45:27.059Z"}
{"level":"info","message":"Server listen on port 3000","timestamp":"2022-03-21T21:47:31.892Z"}
{"level":"info","message":"A connection to MongoDB has been established.","timestamp":"2022-03-21T21:47:33.500Z"}
{"level":"info","message":"Server listen on port 3000","timestamp":"2022-03-21T21:47:58.375Z"}
{"level":"info","message":"A connection to MongoDB has been established.","timestamp":"2022-03-21T21:47:59.900Z"}
{"level":"info","message":"Server listen on port 3000","timestamp":"2022-03-21T21:48:09.945Z"}
{"level":"info","message":"Server listen on port 3000","timestamp":"2022-03-21T21:48:13.186Z"}
{"level":"info","message":"A connection to MongoDB has been established.","timestamp":"2022-03-21T21:48:14.688Z"}
{"level":"info","message":"Server listen on port 3000","timestamp":"2022-03-21T21:50:29.801Z"}
{"level":"info","message":"A connection to MongoDB has been established.","timestamp":"2022-03-21T21:50:31.375Z"}
{"level":"info","message":"Server listen on port 3000","timestamp":"2022-03-21T21:50:35.032Z"}
{"level":"info","message":"A connection to MongoDB has been established.","timestamp":"2022-03-21T21:50:36.552Z"}
{"level":"info","message":"Server listen on port 3000","timestamp":"2022-03-21T21:51:12.651Z"}
{"level":"info","message":"A connection to MongoDB has been established.","timestamp":"2022-03-21T21:51:14.172Z"}
{"level":"info","message":"Server listen on port 3000","timestamp":"2022-03-21T21:54:28.481Z"}
{"level":"info","message":"A connection to MongoDB has been established.","timestamp":"2022-03-21T21:54:30.021Z"}
{"level":"info","message":"Server listen on port 3000","timestamp":"2022-03-21T21:54:55.248Z"}
{"level":"info","message":"A connection to MongoDB has been established.","timestamp":"2022-03-21T21:54:56.755Z"}
{"level":"info","message":"Server listen on port 3000","timestamp":"2022-03-21T21:55:03.688Z"}
{"level":"info","message":"A connection to MongoDB has been established.","timestamp":"2022-03-21T21:55:05.192Z"}
{"level":"info","message":"Server listen on port 3000","timestamp":"2022-03-21T21:55:09.523Z"}
{"level":"info","message":"A connection to MongoDB has been established.","timestamp":"2022-03-21T21:55:11.048Z"}
{"level":"info","message":"Server listen on port 3000","timestamp":"2022-03-21T21:55:26.702Z"}
{"level":"info","message":"A connection to MongoDB has been established.","timestamp":"2022-03-21T21:55:28.220Z"}
{"level":"info","message":"Server listen on port 3000","timestamp":"2022-03-21T21:58:11.399Z"}
{"level":"info","message":"A connection to MongoDB has been established.","timestamp":"2022-03-21T21:58:13.002Z"}
{"level":"info","message":"Server listen on port 3000","timestamp":"2022-03-21T21:58:26.317Z"}
{"level":"info","message":"A connection to MongoDB has been established.","timestamp":"2022-03-21T21:58:27.832Z"}
{"level":"info","message":"Server listen on port 3000","timestamp":"2022-03-21T21:59:51.360Z"}
{"level":"info","message":"A connection to MongoDB has been established.","timestamp":"2022-03-21T21:59:52.925Z"}
{"level":"info","message":"Server listen on port 3000","timestamp":"2022-03-21T22:12:52.204Z"}
{"level":"info","message":"A connection to MongoDB has been established.","timestamp":"2022-03-21T22:12:53.764Z"}
{"level":"info","message":"Server listen on port 3000","timestamp":"2022-03-21T22:13:09.874Z"}
{"level":"info","message":"A connection to MongoDB has been established.","timestamp":"2022-03-21T22:13:11.398Z"}
{"level":"info","message":"Server listen on port 3000","timestamp":"2022-03-21T22:13:14.791Z"}
{"level":"info","message":"A connection to MongoDB has been established.","timestamp":"2022-03-21T22:13:16.306Z"}
{"level":"info","message":"Server listen on port 3000","timestamp":"2022-03-21T22:13:21.319Z"}
{"level":"info","message":"A connection to MongoDB has been established.","timestamp":"2022-03-21T22:13:22.837Z"}
{"level":"info","message":"Server listen on port 3000","timestamp":"2022-03-21T22:13:31.386Z"}
{"level":"info","message":"A connection to MongoDB has been established.","timestamp":"2022-03-21T22:13:32.901Z"}
{"level":"info","message":"Server listen on port 3000","timestamp":"2022-03-21T22:15:42.501Z"}
{"level":"info","message":"A connection to MongoDB has been established.","timestamp":"2022-03-21T22:15:44.064Z"}
{"level":"info","message":"Server listen on port 3000","timestamp":"2022-03-21T22:17:11.334Z"}
{"level":"info","message":"A connection to MongoDB has been established.","timestamp":"2022-03-21T22:17:12.873Z"}
{"level":"info","message":"Server listen on port 3000","timestamp":"2022-03-21T22:17:26.989Z"}
{"level":"info","message":"A connection to MongoDB has been established.","timestamp":"2022-03-21T22:17:28.463Z"}
{"level":"info","message":"Server listen on port 3000","timestamp":"2022-03-21T22:17:32.152Z"}
{"level":"info","message":"A connection to MongoDB has been established.","timestamp":"2022-03-21T22:17:33.664Z"}
{"level":"info","message":"Server listen on port 3000","timestamp":"2022-03-21T22:18:15.908Z"}
{"level":"info","message":"A connection to MongoDB has been established.","timestamp":"2022-03-21T22:18:17.492Z"}
{"level":"info","message":"Server listen on port 3000","timestamp":"2022-03-21T22:18:49.614Z"}
{"level":"info","message":"A connection to MongoDB has been established.","timestamp":"2022-03-21T22:18:51.126Z"}
{"level":"info","message":"Server listen on port 3000","timestamp":"2022-03-21T22:22:21.633Z"}
{"level":"info","message":"A connection to MongoDB has been established.","timestamp":"2022-03-21T22:22:23.178Z"}
{"level":"info","message":"Server listen on port 3000","timestamp":"2022-03-21T22:23:14.697Z"}
{"level":"info","message":"A connection to MongoDB has been established.","timestamp":"2022-03-21T22:23:16.195Z"}
{"level":"info","message":"Server listen on port 3000","timestamp":"2022-03-21T22:23:38.522Z"}
{"level":"info","message":"A connection to MongoDB has been established.","timestamp":"2022-03-21T22:23:40.046Z"}
{"level":"info","message":"Server listen on port 3000","timestamp":"2022-03-21T22:25:05.264Z"}
{"level":"info","message":"Server listen on port 3000","timestamp":"2022-03-21T22:25:07.435Z"}
{"level":"info","message":"A connection to MongoDB has been established.","timestamp":"2022-03-21T22:25:08.960Z"}
{"level":"info","message":"Server listen on port 3000","timestamp":"2022-03-21T22:26:45.331Z"}
{"level":"info","message":"A connection to MongoDB has been established.","timestamp":"2022-03-21T22:26:46.890Z"}
{"level":"info","message":"Server listen on port 3000","timestamp":"2022-03-21T22:27:11.175Z"}
{"level":"info","message":"A connection to MongoDB has been established.","timestamp":"2022-03-21T22:27:12.699Z"}
{"level":"info","message":"Server listen on port 3000","timestamp":"2022-03-21T22:27:55.444Z"}
{"level":"info","message":"A connection to MongoDB has been established.","timestamp":"2022-03-21T22:27:57.056Z"}
{"level":"info","message":"Server listen on port 3000","timestamp":"2022-03-21T22:28:09.267Z"}
{"level":"info","message":"A connection to MongoDB has been established.","timestamp":"2022-03-21T22:28:10.775Z"}
{"level":"info","message":"Server listen on port 3000","timestamp":"2022-03-21T22:38:57.895Z"}
{"level":"info","message":"A connection to MongoDB has been established.","timestamp":"2022-03-21T22:38:59.444Z"}
{"level":"info","message":"Server listen on port 3000","timestamp":"2022-03-21T22:43:50.913Z"}
{"level":"info","message":"A connection to MongoDB has been established.","timestamp":"2022-03-21T22:43:52.461Z"}
{"level":"info","message":"Server listen on port 3000","timestamp":"2022-03-21T23:37:40.799Z"}
{"level":"info","message":"A connection to MongoDB has been established.","timestamp":"2022-03-21T23:37:42.394Z"}
{"level":"info","message":"Server listen on port 3000","timestamp":"2022-03-21T23:39:57.795Z"}
{"level":"info","message":"A connection to MongoDB has been established.","timestamp":"2022-03-21T23:39:59.349Z"}
{"level":"info","message":"Server listen on port 3000","timestamp":"2022-03-21T23:40:26.562Z"}
{"level":"info","message":"A connection to MongoDB has been established.","timestamp":"2022-03-21T23:40:28.088Z"}
{"level":"info","message":"Server listen on port 3000","timestamp":"2022-03-21T23:41:34.119Z"}
{"level":"info","message":"A connection to MongoDB has been established.","timestamp":"2022-03-21T23:41:35.661Z"}
{"level":"info","message":"Server listen on port 3000","timestamp":"2022-03-21T23:42:14.299Z"}
{"level":"info","message":"A connection to MongoDB has been established.","timestamp":"2022-03-21T23:42:15.813Z"}
{"level":"info","message":"Server listen on port 3000","timestamp":"2022-03-21T23:42:36.278Z"}
{"level":"info","message":"A connection to MongoDB has been established.","timestamp":"2022-03-21T23:42:37.823Z"}
{"level":"info","message":"Server listen on port 3000","timestamp":"2022-03-21T23:42:44.918Z"}
{"level":"info","message":"A connection to MongoDB has been established.","timestamp":"2022-03-21T23:42:46.425Z"}
{"level":"info","message":"Server listen on port 3000","timestamp":"2022-03-22T01:09:56.377Z"}
{"level":"info","message":"A connection to MongoDB has been established.","timestamp":"2022-03-22T01:09:57.948Z"}
{"level":"info","message":"Server listen on port 3000","timestamp":"2022-03-22T01:10:32.883Z"}
{"level":"info","message":"A connection to MongoDB has been established.","timestamp":"2022-03-22T01:10:34.399Z"}
{"level":"info","message":"Server listen on port 3000","timestamp":"2022-03-22T01:11:09.187Z"}
{"level":"info","message":"A connection to MongoDB has been established.","timestamp":"2022-03-22T01:11:10.728Z"}
{"level":"info","message":"Server listen on port 3000","timestamp":"2022-03-22T01:11:25.012Z"}
{"level":"info","message":"A connection to MongoDB has been established.","timestamp":"2022-03-22T01:11:26.555Z"}
{"level":"info","message":"Server listen on port 3000","timestamp":"2022-03-22T01:14:24.495Z"}
{"level":"info","message":"A connection to MongoDB has been established.","timestamp":"2022-03-22T01:14:26.090Z"}
{"level":"info","message":"Server listen on port 3000","timestamp":"2022-03-22T01:15:09.659Z"}
{"level":"info","message":"A connection to MongoDB has been established.","timestamp":"2022-03-22T01:15:11.209Z"}
{"level":"info","message":"Server listen on port 3000","timestamp":"2022-03-22T01:15:17.572Z"}
{"level":"info","message":"A connection to MongoDB has been established.","timestamp":"2022-03-22T01:15:19.138Z"}
{"level":"info","message":"Server listen on port 3000","timestamp":"2022-03-22T01:15:42.545Z"}
{"level":"info","message":"A connection to MongoDB has been established.","timestamp":"2022-03-22T01:15:44.106Z"}
{"level":"info","message":"Server listen on port 3000","timestamp":"2022-03-22T01:19:12.617Z"}
{"level":"info","message":"A connection to MongoDB has been established.","timestamp":"2022-03-22T01:19:14.197Z"}
{"level":"info","message":"Server listen on port 3000","timestamp":"2022-03-22T01:19:36.886Z"}
{"level":"info","message":"A connection to MongoDB has been established.","timestamp":"2022-03-22T01:19:38.419Z"}
{"level":"info","message":"Server listen on port 3000","timestamp":"2022-03-22T01:20:51.924Z"}
{"level":"info","message":"A connection to MongoDB has been established.","timestamp":"2022-03-22T01:20:53.473Z"}
{"level":"info","message":"Server listen on port 3000","timestamp":"2022-03-22T01:20:58.247Z"}
{"level":"info","message":"A connection to MongoDB has been established.","timestamp":"2022-03-22T01:20:59.780Z"}
{"level":"info","message":"Server listen on port 3000","timestamp":"2022-03-22T01:21:24.167Z"}
{"level":"info","message":"A connection to MongoDB has been established.","timestamp":"2022-03-22T01:21:25.675Z"}
{"level":"info","message":"Server listen on port 3000","timestamp":"2022-03-22T01:22:21.019Z"}
{"level":"info","message":"A connection to MongoDB has been established.","timestamp":"2022-03-22T01:22:22.618Z"}
{"level":"info","message":"Server listen on port 3000","timestamp":"2022-03-22T01:23:14.646Z"}
{"level":"info","message":"A connection to MongoDB has been established.","timestamp":"2022-03-22T01:23:16.163Z"}
{"level":"info","message":"Server listen on port 3000","timestamp":"2022-03-22T17:29:59.104Z"}
{"level":"info","message":"A connection to MongoDB has been established.","timestamp":"2022-03-22T17:30:01.380Z"}
{"level":"info","message":"Server listen on port 3000","timestamp":"2022-03-22T17:31:38.295Z"}
{"level":"info","message":"A connection to MongoDB has been established.","timestamp":"2022-03-22T17:31:40.324Z"}
{"level":"info","message":"Server listen on port 3000","timestamp":"2022-03-22T17:32:46.876Z"}
{"level":"info","message":"A connection to MongoDB has been established.","timestamp":"2022-03-22T17:32:48.838Z"}
{"level":"info","message":"Server listen on port 3000","timestamp":"2022-03-22T17:34:39.544Z"}
{"level":"info","message":"A connection to MongoDB has been established.","timestamp":"2022-03-22T17:34:41.094Z"}
{"level":"info","message":"Categories has been initialized successfuly.","timestamp":"2022-03-22T17:34:44.780Z"}
{"level":"info","message":"Products has been initialized successfuly.","timestamp":"2022-03-22T17:34:45.421Z"}
{"level":"info","message":"Roles has been initialized successfuly.","timestamp":"2022-03-22T17:34:45.750Z"}
{"level":"info","message":"Users has been initialized successfuly.","timestamp":"2022-03-22T17:34:46.119Z"}
{"level":"info","message":"Server listen on port 3000","timestamp":"2022-03-22T17:36:09.502Z"}
{"level":"info","message":"A connection to MongoDB has been established.","timestamp":"2022-03-22T17:36:11.795Z"}
{"level":"info","message":"Server listen on port 3000","timestamp":"2022-03-22T17:37:08.457Z"}
{"level":"info","message":"A connection to MongoDB has been established.","timestamp":"2022-03-22T17:37:10.142Z"}
{"level":"info","message":"Products has been initialized successfuly.","timestamp":"2022-03-22T17:37:13.415Z"}
{"level":"info","message":"Server listen on port 3000","timestamp":"2022-03-22T17:37:56.555Z"}
{"level":"info","message":"A connection to MongoDB has been established.","timestamp":"2022-03-22T17:37:58.096Z"}
{"level":"info","message":"Server listen on port 3000","timestamp":"2022-03-22T17:38:29.954Z"}
{"level":"info","message":"A connection to MongoDB has been established.","timestamp":"2022-03-22T17:38:31.794Z"}
{"level":"info","message":"Server listen on port 3000","timestamp":"2022-03-22T17:41:11.404Z"}
{"level":"info","message":"A connection to MongoDB has been established.","timestamp":"2022-03-22T17:41:13.522Z"}
{"level":"info","message":"Server listen on port 3000","timestamp":"2022-03-22T17:41:31.536Z"}
{"level":"info","message":"A connection to MongoDB has been established.","timestamp":"2022-03-22T17:41:33.065Z"}
{"level":"info","message":"Server listen on port 3000","timestamp":"2022-03-22T17:41:50.032Z"}
{"level":"info","message":"A connection to MongoDB has been established.","timestamp":"2022-03-22T17:41:51.569Z"}
{"level":"info","message":"Server listen on port 3000","timestamp":"2022-03-22T17:42:01.557Z"}
{"level":"info","message":"A connection to MongoDB has been established.","timestamp":"2022-03-22T17:42:03.067Z"}
{"level":"info","message":"Server listen on port 3000","timestamp":"2022-03-22T17:43:04.161Z"}
{"level":"info","message":"A connection to MongoDB has been established.","timestamp":"2022-03-22T17:43:05.929Z"}
{"level":"info","message":"Server listen on port 3000","timestamp":"2022-03-22T17:43:11.000Z"}
{"level":"info","message":"A connection to MongoDB has been established.","timestamp":"2022-03-22T17:43:12.739Z"}
{"level":"info","message":"Server listen on port 3000","timestamp":"2022-03-22T17:43:18.068Z"}
{"level":"info","message":"A connection to MongoDB has been established.","timestamp":"2022-03-22T17:43:19.600Z"}
{"level":"info","message":"Server listen on port 3000","timestamp":"2022-03-22T17:44:10.739Z"}
{"level":"info","message":"A connection to MongoDB has been established.","timestamp":"2022-03-22T17:44:12.524Z"}
{"level":"info","message":"Server listen on port 3000","timestamp":"2022-03-28T01:15:30.690Z"}
{"level":"info","message":"Server listen on port 3000","timestamp":"2022-03-28T01:16:09.798Z"}
{"level":"info","message":"Server listen on port 3000","timestamp":"2022-03-28T01:16:17.558Z"}
{"level":"info","message":"Server listen on port 3000","timestamp":"2022-03-28T01:18:18.650Z"}
{"level":"info","message":"Server listen on port 3000","timestamp":"2022-03-28T01:18:21.506Z"}
{"level":"info","message":"Server listen on port 3000","timestamp":"2022-03-28T01:18:25.908Z"}
{"level":"info","message":"Server listen on port 3000","timestamp":"2022-03-28T01:18:41.144Z"}
{"level":"info","message":"Server listen on port 3000","timestamp":"2022-03-28T01:20:39.788Z"}
{"level":"info","message":"Server listen on port 3000","timestamp":"2022-03-28T01:20:48.846Z"}
{"level":"info","message":"Server listen on port 3000","timestamp":"2022-03-28T01:23:32.415Z"}
{"level":"info","message":"Server listen on port 3000","timestamp":"2022-03-28T01:23:36.771Z"}
{"level":"info","message":"Server listen on port 3000","timestamp":"2022-03-28T01:24:15.182Z"}
{"level":"info","message":"Server listen on port 3000","timestamp":"2022-03-28T01:36:45.559Z"}
{"level":"info","message":"Server listen on port 3000","timestamp":"2022-03-28T01:37:24.297Z"}
{"level":"info","message":"Server listen on port 3000","timestamp":"2022-03-28T02:08:09.330Z"}
{"level":"info","message":"Server listen on port 3000","timestamp":"2022-03-28T02:09:06.361Z"}
{"level":"info","message":"Server listen on port 3000","timestamp":"2022-03-28T02:09:18.274Z"}
{"level":"info","message":"Server listen on port 3000","timestamp":"2022-03-28T02:09:27.219Z"}
{"level":"info","message":"Server listen on port 3000","timestamp":"2022-03-28T02:09:48.811Z"}
{"level":"info","message":"Server listen on port 3000","timestamp":"2022-03-28T02:10:24.505Z"}
{"level":"info","message":"Server listen on port 3000","timestamp":"2022-03-28T02:11:09.479Z"}
{"level":"info","message":"Server listen on port 3000","timestamp":"2022-03-28T02:11:21.275Z"}
{"level":"info","message":"Server listen on port 3000","timestamp":"2022-03-28T02:11:27.649Z"}
{"level":"info","message":"Server listen on port 3000","timestamp":"2022-03-28T02:12:21.198Z"}
{"level":"info","message":"Server listen on port 3000","timestamp":"2022-03-28T02:12:50.150Z"}
{"level":"info","message":"Server listen on port 3000","timestamp":"2022-03-28T02:13:01.031Z"}
{"level":"info","message":"Server listen on port 3000","timestamp":"2022-03-28T02:13:07.356Z"}
{"level":"info","message":"Server listen on port 3000","timestamp":"2022-03-28T02:13:10.524Z"}
{"level":"info","message":"Server listen on port 3000","timestamp":"2022-03-28T02:13:55.400Z"}
{"level":"info","message":"Server listen on port 3000","timestamp":"2022-03-28T02:14:34.535Z"}
{"level":"info","message":"Server listen on port 3000","timestamp":"2022-03-28T02:16:52.268Z"}
{"level":"info","message":"Server listen on port 3000","timestamp":"2022-03-28T02:17:54.717Z"}
{"level":"info","message":"Server listen on port 3000","timestamp":"2022-03-28T02:17:59.772Z"}
{"level":"info","message":"Server listen on port 3000","timestamp":"2022-03-28T02:18:38.324Z"}
{"level":"info","message":"Server listen on port 3000","timestamp":"2022-03-28T02:19:10.191Z"}
{"level":"info","message":"Server listen on port 3000","timestamp":"2022-03-28T02:19:17.453Z"}
{"level":"info","message":"Server listen on port 3000","timestamp":"2022-03-28T02:20:13.481Z"}
{"level":"info","message":"Server listen on port 3000","timestamp":"2022-03-28T02:20:17.406Z"}
{"level":"info","message":"Server listen on port 3000","timestamp":"2022-03-28T02:21:31.706Z"}
{"level":"info","message":"Server listen on port 3000","timestamp":"2022-03-28T02:23:21.398Z"}
{"level":"info","message":"Server listen on port 3000","timestamp":"2022-03-28T02:23:29.986Z"}
{"level":"info","message":"Server listen on port 3000","timestamp":"2022-03-28T02:23:51.814Z"}
{"level":"info","message":"Server listen on port 3000","timestamp":"2022-03-28T02:23:56.892Z"}
{"level":"info","message":"Server listen on port 3000","timestamp":"2022-03-28T02:24:22.558Z"}
{"level":"info","message":"Server listen on port 3000","timestamp":"2022-03-28T02:26:13.556Z"}
{"level":"info","message":"Server listen on port 3000","timestamp":"2022-03-28T02:26:24.413Z"}
{"level":"info","message":"Server listen on port 3000","timestamp":"2022-03-28T02:26:38.803Z"}
{"level":"info","message":"Server listen on port 3000","timestamp":"2022-03-28T02:26:57.917Z"}
{"level":"info","message":"Server listen on port 3000","timestamp":"2022-03-28T02:27:02.615Z"}
{"level":"info","message":"Server listen on port 3000","timestamp":"2022-03-28T02:27:41.060Z"}
{"level":"info","message":"Server listen on port 3000","timestamp":"2022-03-28T02:28:11.322Z"}
{"level":"info","message":"Server listen on port 3000","timestamp":"2022-03-28T02:28:36.899Z"}
{"level":"info","message":"Server listen on port 3000","timestamp":"2022-03-28T02:29:10.656Z"}
{"level":"info","message":"Server listen on port 3000","timestamp":"2022-03-28T02:29:16.073Z"}
{"level":"info","message":"Server listen on port 3000","timestamp":"2022-03-28T02:30:08.867Z"}
{"level":"info","message":"Server listen on port 3000","timestamp":"2022-03-28T02:32:32.714Z"}
{"level":"info","message":"Server listen on port 3000","timestamp":"2022-03-28T02:32:40.489Z"}
{"level":"info","message":"Server listen on port 3000","timestamp":"2022-03-28T02:33:00.132Z"}
{"level":"info","message":"Server listen on port 3000","timestamp":"2022-03-28T02:33:03.515Z"}
{"level":"info","message":"Server listen on port 3000","timestamp":"2022-03-28T02:33:43.941Z"}
{"level":"info","message":"Server listen on port 3000","timestamp":"2022-03-28T02:34:31.978Z"}
{"level":"info","message":"Server listen on port 3000","timestamp":"2022-03-28T02:35:21.278Z"}
{"level":"info","message":"Server listen on port 3000","timestamp":"2022-03-28T02:35:24.074Z"}
{"level":"info","message":"Server listen on port 3000","timestamp":"2022-03-28T02:35:27.656Z"}
{"level":"info","message":"Server listen on port 3000","timestamp":"2022-03-28T02:35:30.410Z"}
{"level":"info","message":"Server listen on port 3000","timestamp":"2022-03-28T02:36:11.094Z"}
{"level":"info","message":"Server listen on port 3000","timestamp":"2022-03-28T02:36:44.219Z"}
{"level":"info","message":"Server listen on port 3000","timestamp":"2022-03-28T02:37:21.452Z"}
{"level":"info","message":"Server listen on port 3000","timestamp":"2022-03-28T02:37:24.352Z"}
{"level":"info","message":"Server listen on port 3000","timestamp":"2022-03-28T02:37:28.872Z"}
{"level":"info","message":"Server listen on port 3000","timestamp":"2022-03-28T02:38:22.720Z"}
{"level":"info","message":"Server listen on port 3000","timestamp":"2022-03-28T02:38:25.091Z"}
{"level":"info","message":"Server listen on port 3000","timestamp":"2022-03-28T02:38:30.907Z"}
{"level":"info","message":"Server listen on port 3000","timestamp":"2022-03-28T02:41:14.261Z"}
{"level":"info","message":"Server listen on port 3000","timestamp":"2022-03-28T02:41:20.433Z"}
{"level":"info","message":"Server listen on port 3000","timestamp":"2022-03-28T02:42:15.724Z"}
{"level":"info","message":"Server listen on port 3000","timestamp":"2022-03-28T02:42:27.560Z"}
{"level":"info","message":"Server listen on port 3000","timestamp":"2022-03-28T02:42:31.809Z"}
{"level":"info","message":"Server listen on port 3000","timestamp":"2022-03-28T02:43:01.694Z"}
{"level":"info","message":"Server listen on port 3000","timestamp":"2022-03-28T02:43:05.392Z"}
{"level":"info","message":"Server listen on port 3000","timestamp":"2022-03-28T02:43:13.273Z"}
{"level":"info","message":"Server listen on port 3000","timestamp":"2022-03-28T02:43:17.116Z"}
{"level":"info","message":"Server listen on port 3000","timestamp":"2022-03-28T02:44:09.260Z"}
{"level":"info","message":"Server listen on port 3000","timestamp":"2022-03-28T02:46:36.706Z"}
{"level":"info","message":"Server listen on port 3000","timestamp":"2022-03-28T02:47:06.405Z"}
{"level":"info","message":"Server listen on port 3000","timestamp":"2022-03-28T02:47:46.638Z"}
{"level":"info","message":"Server listen on port 3000","timestamp":"2022-03-28T02:48:58.615Z"}
{"level":"info","message":"Server listen on port 3000","timestamp":"2022-03-28T02:49:01.329Z"}
{"level":"info","message":"Server listen on port 3000","timestamp":"2022-03-28T02:51:52.057Z"}
{"level":"info","message":"Server listen on port 3000","timestamp":"2022-03-28T02:51:57.124Z"}
{"level":"info","message":"Server listen on port 3000","timestamp":"2022-03-28T02:52:21.142Z"}
{"level":"info","message":"Server listen on port 3000","timestamp":"2022-03-28T02:53:08.208Z"}
{"level":"info","message":"Server listen on port 3000","timestamp":"2022-03-28T02:54:11.099Z"}
{"level":"info","message":"Server listen on port 3000","timestamp":"2022-03-28T02:55:23.308Z"}
{"level":"info","message":"Server listen on port 3000","timestamp":"2022-03-28T02:56:10.597Z"}
{"level":"info","message":"Server listen on port 3000","timestamp":"2022-03-28T02:57:32.068Z"}
{"level":"info","message":"Server listen on port 3000","timestamp":"2022-03-28T02:57:34.632Z"}
{"level":"info","message":"Server listen on port 3000","timestamp":"2022-03-28T02:57:38.782Z"}
{"level":"info","message":"Server listen on port 3000","timestamp":"2022-03-28T02:57:48.699Z"}
{"level":"info","message":"Server listen on port 3000","timestamp":"2022-03-28T02:58:02.779Z"}
{"level":"info","message":"Server listen on port 3000","timestamp":"2022-03-28T02:58:06.282Z"}
{"level":"info","message":"Server listen on port 3000","timestamp":"2022-03-28T02:59:13.068Z"}
{"level":"info","message":"Server listen on port 3000","timestamp":"2022-03-28T02:59:15.099Z"}
{"level":"info","message":"Server listen on port 3000","timestamp":"2022-03-28T02:59:37.143Z"}
{"level":"info","message":"Server listen on port 3000","timestamp":"2022-03-28T02:59:47.642Z"}
{"level":"info","message":"Server listen on port 3000","timestamp":"2022-03-28T02:59:54.895Z"}
{"level":"info","message":"Server listen on port 3000","timestamp":"2022-03-28T02:59:59.109Z"}
{"level":"info","message":"Server listen on port 3000","timestamp":"2022-03-28T03:00:25.529Z"}
{"level":"info","message":"Server listen on port 3000","timestamp":"2022-03-28T03:01:50.908Z"}
{"level":"info","message":"Server listen on port 3000","timestamp":"2022-03-28T03:02:15.391Z"}
{"level":"info","message":"Server listen on port 3000","timestamp":"2022-03-28T03:02:42.619Z"}
{"level":"info","message":"Server listen on port 3000","timestamp":"2022-03-28T03:03:13.171Z"}
{"level":"info","message":"Server listen on port 3000","timestamp":"2022-03-28T03:03:51.617Z"}
{"level":"info","message":"Server listen on port 3000","timestamp":"2022-03-28T03:04:16.018Z"}
{"level":"info","message":"Server listen on port 3000","timestamp":"2022-03-28T03:05:35.021Z"}
{"level":"info","message":"Server listen on port 3000","timestamp":"2022-03-28T03:06:20.546Z"}
{"level":"info","message":"Server listen on port 3000","timestamp":"2022-03-28T03:07:41.783Z"}
{"level":"info","message":"Server listen on port 3000","timestamp":"2022-03-28T15:31:57.161Z"}
{"level":"info","message":"Server listen on port 3000","timestamp":"2022-03-28T15:32:52.340Z"}
{"level":"info","message":"Server listen on port 3000","timestamp":"2022-03-28T15:33:00.026Z"}
{"level":"info","message":"Server listen on port 3000","timestamp":"2022-03-28T15:33:41.137Z"}
{"level":"info","message":"Server listen on port 3000","timestamp":"2022-03-28T15:33:46.231Z"}
{"level":"info","message":"Server listen on port 3000","timestamp":"2022-03-28T15:35:28.416Z"}
{"level":"info","message":"Server listen on port 3000","timestamp":"2022-03-28T15:36:03.195Z"}
{"level":"info","message":"Server listen on port 3000","timestamp":"2022-03-28T15:36:11.817Z"}
{"level":"info","message":"Server listen on port 3000","timestamp":"2022-03-28T15:36:45.613Z"}
{"level":"info","message":"Server listen on port 3000","timestamp":"2022-03-28T15:36:55.900Z"}
{"level":"info","message":"Server listen on port 3000","timestamp":"2022-03-28T15:37:21.002Z"}
