{"level":"warn","message":"GET method in path /favicon.ico not implemented.","timestamp":"2022-05-06T13:23:47.315Z"}
{"level":"warn","message":"GET method in path /signin.html not implemented.","timestamp":"2022-05-06T13:24:19.801Z"}
{"level":"warn","message":"GET method in path / not implemented.","timestamp":"2022-05-06T13:24:22.148Z"}
{"level":"warn","message":"GET method in path / not implemented.","timestamp":"2022-05-06T13:24:23.335Z"}
{"level":"warn","message":"GET method in path / not implemented.","timestamp":"2022-05-06T13:24:29.751Z"}
{"level":"warn","message":"GET method in path / not implemented.","timestamp":"2022-05-06T13:24:36.892Z"}
{"level":"warn","message":"GET method in path / not implemented.","timestamp":"2022-05-06T13:24:37.799Z"}
{"level":"warn","message":"GET method in path /favicon.ico not implemented.","timestamp":"2022-05-06T13:24:37.903Z"}
{"level":"warn","message":"GET method in path / not implemented.","timestamp":"2022-05-06T13:24:57.294Z"}
{"level":"warn","message":"GET method in path / not implemented.","timestamp":"2022-05-06T13:24:58.547Z"}
{"level":"warn","message":"GET method in path / not implemented.","timestamp":"2022-05-06T13:24:59.356Z"}
{"level":"warn","message":"GET method in path /favicon.ico not implemented.","timestamp":"2022-05-06T13:24:59.497Z"}
{"level":"warn","message":"GET method in path / not implemented.","timestamp":"2022-05-06T13:25:00.028Z"}
{"level":"warn","message":"GET method in path /favicon.ico not implemented.","timestamp":"2022-05-06T13:25:00.215Z"}
{"level":"warn","message":"GET method in path / not implemented.","timestamp":"2022-05-06T13:25:00.324Z"}
{"level":"warn","message":"GET method in path /favicon.ico not implemented.","timestamp":"2022-05-06T13:25:00.512Z"}
{"level":"warn","message":"GET method in path / not implemented.","timestamp":"2022-05-06T13:25:00.568Z"}
{"level":"warn","message":"GET method in path /favicon.ico not implemented.","timestamp":"2022-05-06T13:25:00.695Z"}
{"level":"warn","message":"GET method in path / not implemented.","timestamp":"2022-05-06T13:25:05.906Z"}
{"level":"warn","message":"GET method in path /favicon.ico not implemented.","timestamp":"2022-05-06T13:25:06.017Z"}
{"level":"warn","message":"GET method in path / not implemented.","timestamp":"2022-05-06T13:25:10.565Z"}
{"level":"warn","message":"GET method in path / not implemented.","timestamp":"2022-05-06T13:25:11.245Z"}
{"level":"warn","message":"GET method in path / not implemented.","timestamp":"2022-05-06T13:25:11.392Z"}
{"level":"warn","message":"GET method in path / not implemented.","timestamp":"2022-05-06T13:25:11.538Z"}
{"level":"warn","message":"GET method in path /socket.io/ not implemented.","timestamp":"2022-05-06T17:35:52.669Z"}
{"level":"warn","message":"GET method in path /socket.io/ not implemented.","timestamp":"2022-05-06T17:35:53.379Z"}
{"level":"warn","message":"GET method in path /socket.io/ not implemented.","timestamp":"2022-05-06T17:35:56.382Z"}
{"level":"warn","message":"GET method in path /socket.io/ not implemented.","timestamp":"2022-05-08T21:29:19.577Z"}
{"level":"warn","message":"GET method in path /socket.io/ not implemented.","timestamp":"2022-05-08T21:29:20.270Z"}
{"level":"warn","message":"GET method in path /socket.io/ not implemented.","timestamp":"2022-05-08T21:29:21.816Z"}
{"level":"warn","message":"GET method in path /socket.io/ not implemented.","timestamp":"2022-05-08T22:29:34.100Z"}
{"level":"warn","message":"GET method in path /socket.io/ not implemented.","timestamp":"2022-05-08T22:29:35.475Z"}
{"level":"warn","message":"GET method in path /socket.io/ not implemented.","timestamp":"2022-05-08T22:29:37.054Z"}
{"level":"warn","message":"GET method in path /socket.io/ not implemented.","timestamp":"2022-05-08T22:29:40.494Z"}
{"level":"warn","message":"GET method in path /socket.io/ not implemented.","timestamp":"2022-05-08T22:29:43.824Z"}
{"level":"warn","message":"GET method in path /socket.io/ not implemented.","timestamp":"2022-05-08T22:29:44.649Z"}
{"level":"warn","message":"GET method in path /socket.io/ not implemented.","timestamp":"2022-05-08T22:29:47.374Z"}
{"level":"warn","message":"GET method in path /socket.io/ not implemented.","timestamp":"2022-05-08T22:29:51.229Z"}
{"level":"warn","message":"GET method in path /socket.io/ not implemented.","timestamp":"2022-05-08T22:29:56.248Z"}
{"level":"warn","message":"GET method in path /socket.io/ not implemented.","timestamp":"2022-05-08T22:30:01.262Z"}
{"level":"warn","message":"GET method in path /socket.io/ not implemented.","timestamp":"2022-05-08T22:30:06.279Z"}
{"level":"warn","message":"GET method in path /socket.io/ not implemented.","timestamp":"2022-05-08T22:30:11.294Z"}
{"level":"warn","message":"GET method in path /socket.io/ not implemented.","timestamp":"2022-05-08T22:30:16.323Z"}
{"level":"warn","message":"GET method in path /socket.io/ not implemented.","timestamp":"2022-05-08T22:30:21.337Z"}
{"level":"warn","message":"GET method in path /socket.io/ not implemented.","timestamp":"2022-05-08T22:30:26.350Z"}
{"level":"warn","message":"GET method in path /socket.io/ not implemented.","timestamp":"2022-05-08T22:30:31.363Z"}
{"level":"warn","message":"GET method in path /socket.io/ not implemented.","timestamp":"2022-05-08T22:30:36.386Z"}
{"level":"warn","message":"GET method in path /socket.io/ not implemented.","timestamp":"2022-05-08T22:30:41.405Z"}
{"level":"warn","message":"GET method in path /socket.io/ not implemented.","timestamp":"2022-05-08T22:30:46.430Z"}
{"level":"warn","message":"GET method in path /socket.io/ not implemented.","timestamp":"2022-05-08T22:30:51.446Z"}
{"level":"warn","message":"GET method in path /socket.io/ not implemented.","timestamp":"2022-05-08T22:30:56.463Z"}
{"level":"warn","message":"GET method in path /socket.io/ not implemented.","timestamp":"2022-05-08T22:31:01.476Z"}
{"level":"warn","message":"GET method in path /socket.io/ not implemented.","timestamp":"2022-05-08T22:31:06.488Z"}
{"level":"warn","message":"GET method in path /socket.io/ not implemented.","timestamp":"2022-05-08T22:31:11.500Z"}
{"level":"warn","message":"GET method in path /socket.io/ not implemented.","timestamp":"2022-05-08T22:31:16.514Z"}
{"level":"warn","message":"GET method in path /socket.io/ not implemented.","timestamp":"2022-05-08T22:31:21.528Z"}
{"level":"warn","message":"GET method in path /socket.io/ not implemented.","timestamp":"2022-05-08T22:31:26.546Z"}
{"level":"warn","message":"GET method in path /socket.io/ not implemented.","timestamp":"2022-05-08T22:31:31.568Z"}
{"level":"warn","message":"GET method in path /socket.io/ not implemented.","timestamp":"2022-05-08T22:31:36.585Z"}
{"level":"warn","message":"GET method in path /socket.io/ not implemented.","timestamp":"2022-05-08T22:31:41.719Z"}
{"level":"warn","message":"GET method in path /socket.io/ not implemented.","timestamp":"2022-05-08T22:31:46.741Z"}
{"level":"warn","message":"GET method in path /socket.io/ not implemented.","timestamp":"2022-05-08T22:31:51.770Z"}
{"level":"warn","message":"GET method in path /socket.io/ not implemented.","timestamp":"2022-05-08T22:31:56.789Z"}
{"level":"warn","message":"GET method in path /socket.io/ not implemented.","timestamp":"2022-05-08T22:32:01.804Z"}
{"level":"warn","message":"GET method in path /socket.io/ not implemented.","timestamp":"2022-05-08T22:32:06.825Z"}
{"level":"warn","message":"GET method in path /socket.io/ not implemented.","timestamp":"2022-05-08T22:32:11.853Z"}
{"level":"warn","message":"GET method in path /socket.io/ not implemented.","timestamp":"2022-05-08T22:32:16.893Z"}
{"level":"warn","message":"GET method in path /socket.io/ not implemented.","timestamp":"2022-05-08T22:32:21.921Z"}
{"level":"warn","message":"GET method in path /socket.io/ not implemented.","timestamp":"2022-05-08T22:32:26.948Z"}
{"level":"warn","message":"GET method in path /socket.io/ not implemented.","timestamp":"2022-05-08T22:32:42.006Z"}
{"level":"warn","message":"GET method in path /socket.io/ not implemented.","timestamp":"2022-05-08T22:32:47.046Z"}
{"level":"warn","message":"GET method in path /socket.io/ not implemented.","timestamp":"2022-05-08T22:32:52.060Z"}
{"level":"warn","message":"GET method in path /socket.io/ not implemented.","timestamp":"2022-05-08T22:32:57.072Z"}
{"level":"warn","message":"GET method in path /socket.io/ not implemented.","timestamp":"2022-05-08T22:33:02.089Z"}
{"level":"warn","message":"GET method in path /socket.io/ not implemented.","timestamp":"2022-05-08T22:33:07.110Z"}
{"level":"warn","message":"GET method in path /socket.io/ not implemented.","timestamp":"2022-05-08T22:33:12.129Z"}
{"level":"warn","message":"GET method in path /socket.io/ not implemented.","timestamp":"2022-05-08T22:36:27.463Z"}
{"level":"warn","message":"GET method in path /uploads/1n84DP1SfiWh0C99BoejwTT9.jpg not implemented.","timestamp":"2022-05-08T22:51:47.533Z"}
{"level":"warn","message":"GET method in path /uploads/2JZGevGx3ZI2aOxQ1omZJw.jpg not implemented.","timestamp":"2022-05-08T22:51:47.540Z"}
{"level":"warn","message":"GET method in path /uploads/1n84DP1SfiWh0C99BoejwTT9.jpg not implemented.","timestamp":"2022-05-08T22:52:08.650Z"}
